SF:lib\core\network\network_info.dart
DA:11,1
DA:13,1
DA:14,2
LF:3
LH:3
end_of_record
SF:lib\core\config.dart
DA:11,1
DA:13,1
DA:14,3
DA:15,3
DA:16,2
LF:5
LH:5
end_of_record
SF:lib\core\theme\theme_shared_preference.dart
DA:8,0
DA:9,0
DA:11,0
DA:13,0
DA:17,0
DA:18,0
DA:19,0
LF:7
LH:0
end_of_record
SF:lib\features\categories\data\datasources\categories_remote_data_source.dart
DA:17,1
DA:20,1
DA:21,3
DA:23,1
DA:24,3
DA:25,1
DA:28,2
DA:29,2
DA:30,1
DA:31,3
DA:32,1
DA:34,1
LF:12
LH:12
end_of_record
SF:lib\features\categories\data\models\categories_model.dart
DA:10,2
DA:11,2
DA:16,2
DA:17,2
DA:19,2
LF:5
LH:5
end_of_record
SF:lib\features\categories\data\models\categories_model.g.dart
DA:9,2
DA:10,2
DA:11,2
DA:12,2
DA:16,1
DA:17,1
DA:18,1
DA:19,1
LF:8
LH:8
end_of_record
SF:lib\features\categories\domain\entities\categories.dart
DA:7,3
DA:9,1
DA:10,3
LF:3
LH:3
end_of_record
SF:lib\features\categories\domain\usecases\get_categories.dart
DA:12,1
DA:14,1
DA:15,3
LF:3
LH:3
end_of_record
SF:lib\core\error\failure.dart
DA:7,0
DA:9,0
DA:10,0
LF:3
LH:0
end_of_record
